Arguments: 
  C:\Program Files\nodejs\node.exe C:\Program Files (x86)\Yarn\bin\yarn.js --silent

PATH: 
  C:\Program Files\Common Files\Oracle\Java\javapath;C:\Program Files (x86)\Common Files\Oracle\Java\javapath;C:\Program Files (x86)\VMware\VMware Workstation\bin\;C:\WINDOWS\system32;C:\WINDOWS;C:\WINDOWS\System32\Wbem;C:\WINDOWS\System32\WindowsPowerShell\v1.0\;C:\WINDOWS\System32\OpenSSH\;C:\Program Files\Microsoft SQL Server\150\Tools\Binn\;C:\Program Files\Microsoft SQL Server\Client SDK\ODBC\170\Tools\Binn\;C:\Program Files\dotnet\;C:\Program Files\Git\cmd;C:\Program Files\Microsoft SQL Server\130\Tools\Binn\;C:\Program Files\TortoiseGit\bin;C:\Program Files (x86)\Gpg4win\..\GnuPG\bin;C:\Program Files (x86)\Microsoft SQL Server\150\DTS\Binn\;C:\Program Files\Azure Data Studio\bin;C:\Program Files (x86)\Microsoft SQL Server\150\Tools\Binn\;C:\Program Files\Microsoft SQL Server\150\DTS\Binn\;C:\Users\Nivello\AppData\Roaming\nvm;C:\Program Files\nodejs;C:\Program Files (x86)\Yarn\bin\;C:\ProgramData\chocolatey\bin;C:\Users\Quality\AppData\Local\Microsoft\WindowsApps;C:\Users\Quality\AppData\Roaming\npm;C:\Users\Quality\AppData\Local\Programs\Microsoft VS Code\bin;C:\Users\Quality\AppData\Local\GitHubDesktop\bin;C:\Users\Quality\.dotnet\tools

Yarn version: 
  1.22.19

Node version: 
  14.18.0

Platform: 
  win32 x64

Trace: 
  Error: https://registry.yarnpkg.com/rxjs/-/rxjs-6.6.7.tgz: ESOCKETTIMEDOUT
      at ClientRequest.<anonymous> (C:\Program Files (x86)\Yarn\lib\cli.js:141517:19)
      at Object.onceWrapper (events.js:519:28)
      at ClientRequest.emit (events.js:400:28)
      at TLSSocket.emitRequestTimeout (_http_client.js:790:9)
      at Object.onceWrapper (events.js:519:28)
      at TLSSocket.emit (events.js:412:35)
      at TLSSocket.Socket._onTimeout (net.js:495:8)
      at listOnTimeout (internal/timers.js:557:17)
      at processTimers (internal/timers.js:500:7)

npm manifest: 
  {
    "name": "cdb",
    "version": "0.0.0",
    "scripts": {
      "ng": "ng",
      "start": "ng serve",
      "build": "ng build",
      "watch": "ng build --watch --configuration development",
      "test": "ng test"
    },
    "private": true,
    "dependencies": {
      "@angular/animations": "~12.1.1",
      "@angular/common": "~12.1.1",
      "@angular/compiler": "~12.1.1",
      "@angular/core": "~12.1.1",
      "@angular/forms": "~12.1.1",
      "@angular/platform-browser": "~12.1.1",
      "@angular/platform-browser-dynamic": "~12.1.1",
      "@angular/router": "~12.1.1",
      "rxjs": "~6.6.0",
      "tslib": "^2.2.0",
      "zone.js": "~0.11.4"
    },
    "devDependencies": {
      "@angular-devkit/build-angular": "~12.1.1",
      "@angular/cli": "~12.1.1",
      "@angular/compiler-cli": "~12.1.1",
      "@types/jasmine": "~3.6.0",
      "@types/node": "^12.11.1",
      "jasmine-core": "~3.7.0",
      "karma": "~6.3.0",
      "karma-chrome-launcher": "~3.1.0",
      "karma-coverage": "~2.0.3",
      "karma-jasmine": "~4.0.0",
      "karma-jasmine-html-reporter": "^1.5.0",
      "typescript": "~4.3.2"
    }
  }

yarn manifest: 
  No manifest

Lockfile: 
  No lockfile
